<?xml version="1.0" encoding="UTF-8"?>
<testsuite xmlns:xsi="http://www.w3.org/2001/XMLSchema-instance" xsi:noNamespaceSchemaLocation="https://maven.apache.org/surefire/maven-surefire-plugin/xsd/surefire-test-report.xsd" name="com.grandcircus.wordsearch.tests.DirectionalTests" time="0.084" tests="21" errors="0" skipped="0" failures="0">
  <properties>
[...]
</properties>
  <testcase name="whenGetKeywordSubstringIsPassedADirectionItReturnsSubstring" classname="com.grandcircus.wordsearch.tests.DirectionalTests" time="0"/>
  <testcase name="whenCheckSecondCoordinatesIsPassedADiagonalUpItKeywordItCreatesADiagonalUpSubtype" classname="com.grandcircus.wordsearch.tests.DirectionalTests" time="0"/>
  <testcase name="whenCheckSecondCoordinatesIsPassedABwDiagonalUpItAddsBwDiagonalUpToDirectionsField" classname="com.grandcircus.wordsearch.tests.DirectionalTests" time="0"/>
  <testcase name="whenFindAllKeywordCoordinatesIsPassedItReturnsAListOfPrintedCoordinates" classname="com.grandcircus.wordsearch.tests.DirectionalTests" time="0"/>
  <testcase name="whenSetKeywordToDirectionTypeIsPassedAHorizontalKeywordItCreatesAHorizontalSubtype" classname="com.grandcircus.wordsearch.tests.DirectionalTests" time="0"/>
  <testcase name="whenCheckSecondCoordinatesIsPassedAVerticalItAddsVerticalToDirectionsField" classname="com.grandcircus.wordsearch.tests.DirectionalTests" time="0"/>
  <testcase name="whenSetKeywordToDirectionTypeIsPassedABwVerticalItCreatesABwVerticalSubtype" classname="com.grandcircus.wordsearch.tests.DirectionalTests" time="0"/>
  <testcase name="whenSetKeywordToDirectionTypeIsPassedAHorizontalMatchItSetsIsFoundToTrue" classname="com.grandcircus.wordsearch.tests.DirectionalTests" time="0"/>
  <testcase name="whenFindPotentialStartCoordinatesIsPassedItReturnsPotentalStartCoordinates" classname="com.grandcircus.wordsearch.tests.DirectionalTests" time="0"/>
  <testcase name="whenCheckSecondCoordinatesIsPassedABwVerticalItAddsBwVerticalToDirectionsField" classname="com.grandcircus.wordsearch.tests.DirectionalTests" time="0"/>
  <testcase name="whenSetKeywordToDirectionTypeIsPassedABwHorizontallKeywordItCreatesABwHorizontalSubtype" classname="com.grandcircus.wordsearch.tests.DirectionalTests" time="0.014"/>
  <testcase name="whenFindKeywordIsPassedCoordinatesAreReturned" classname="com.grandcircus.wordsearch.tests.DirectionalTests" time="0.005"/>
  <testcase name="whenSetKeywordToDirectionTypeIsPassedADiagonalDownlKeywordItCreatesADiagonalDownlSubtypeAndReturnsCoordinates" classname="com.grandcircus.wordsearch.tests.DirectionalTests" time="0.013"/>
  <testcase name="whenSetKeywordToDirectionTypeIsPassedABwDiagonalUPItCreatesABwDiagonalUpSubtype" classname="com.grandcircus.wordsearch.tests.DirectionalTests" time="0.003"/>
  <testcase name="whenCheckSecondCoordinatesIsPassedADiagonalUpItAddsDiagonalUpToDirectionsField" classname="com.grandcircus.wordsearch.tests.DirectionalTests" time="0.003"/>
  <testcase name="whenSetKeywordToDirectionTypeIsPassedABwDiagonalDownItCreatesABwDiagonalDownSubtype" classname="com.grandcircus.wordsearch.tests.DirectionalTests" time="0.004"/>
  <testcase name="whenCheckSecondCoordinatesIsPassedAVerticalAndDiagnalDownClueItAddserticalAndDiagonalDownToDirectionsField" classname="com.grandcircus.wordsearch.tests.DirectionalTests" time="0.012"/>
  <testcase name="whenSetKeywordToDirectionTypeIsPassedAVerticalKeywordItCreatesAVerticallSubtypeAndReturnsCoordinates" classname="com.grandcircus.wordsearch.tests.DirectionalTests" time="0.002"/>
  <testcase name="whenCheckSecondCoordinatesIsPassedABwHorizontalItAddsBwHorizontalToDirectionsField" classname="com.grandcircus.wordsearch.tests.DirectionalTests" time="0.001"/>
  <testcase name="whenCheckSecondCoordinatesIsPassedABwDiagonalDownItAddsBwDiagonalDownToDirectionsField" classname="com.grandcircus.wordsearch.tests.DirectionalTests" time="0.001"/>
  <testcase name="whenCheckSecondCoordinatesIsPassedAHorizontalClueItAddsHorizontalToDirectionsField" classname="com.grandcircus.wordsearch.tests.DirectionalTests" time="0.002"/>
</testsuite>